2025-09-10 00:25:26,890 INFO Adding job tentatively -- it will be properly scheduled when the scheduler starts
2025-09-10 00:25:26,909 INFO Adding job tentatively -- it will be properly scheduled when the scheduler starts
2025-09-10 00:25:26,918 INFO Added job "simulate_fetch_and_insert" to job store "default"
2025-09-10 00:25:26,919 INFO Added job "daily_report" to job store "default"
2025-09-10 00:25:26,919 INFO Scheduler started
2025-09-10 00:25:26,920 INFO Scheduler started. Ctrl+C to exit.
2025-09-10 00:26:58,562 INFO Adding job tentatively -- it will be properly scheduled when the scheduler starts
2025-09-10 00:26:58,565 INFO Adding job tentatively -- it will be properly scheduled when the scheduler starts
2025-09-10 00:26:58,575 INFO Added job "simulate_fetch_and_insert" to job store "default"
2025-09-10 00:26:58,575 INFO Added job "daily_report" to job store "default"
2025-09-10 00:26:58,575 INFO Scheduler started
2025-09-10 00:26:58,576 INFO Scheduler started. Ctrl+C to exit.
2025-09-10 00:30:16,245 INFO Scheduler has been shut down
2025-09-10 00:30:16,246 INFO Scheduler stopped.
2025-09-10 00:32:34,463 INFO Adding job tentatively -- it will be properly scheduled when the scheduler starts
2025-09-10 00:32:34,466 INFO Adding job tentatively -- it will be properly scheduled when the scheduler starts
2025-09-10 00:32:34,467 INFO Added job "simulate_fetch_and_insert" to job store "default"
2025-09-10 00:32:34,467 INFO Added job "daily_report" to job store "default"
2025-09-10 00:32:34,467 INFO Scheduler started
2025-09-10 00:32:34,468 INFO Scheduler started. Ctrl+C to exit.
2025-09-10 00:33:04,473 INFO Running job "simulate_fetch_and_insert (trigger: interval[0:00:30], next run at: 2025-09-10 00:33:04 +03)" (scheduled at 2025-09-10 00:33:04.463180+03:00)
2025-09-10 00:33:04,499 INFO Run finished. Read=9 valid=0 invalid=9
2025-09-10 00:33:04,502 INFO Job "simulate_fetch_and_insert (trigger: interval[0:00:30], next run at: 2025-09-10 00:33:34 +03)" executed successfully
2025-09-10 00:33:34,468 INFO Running job "simulate_fetch_and_insert (trigger: interval[0:00:30], next run at: 2025-09-10 00:34:04 +03)" (scheduled at 2025-09-10 00:33:34.463180+03:00)
2025-09-10 00:33:34,473 INFO Run finished. Read=9 valid=0 invalid=9
2025-09-10 00:33:34,478 INFO Job "simulate_fetch_and_insert (trigger: interval[0:00:30], next run at: 2025-09-10 00:34:04 +03)" executed successfully
2025-09-10 00:33:59,477 INFO Scheduler has been shut down
2025-09-10 00:33:59,477 INFO Scheduler stopped.
2025-09-10 00:42:03,693 INFO Adding job tentatively -- it will be properly scheduled when the scheduler starts
2025-09-10 00:42:03,696 INFO Adding job tentatively -- it will be properly scheduled when the scheduler starts
2025-09-10 00:42:03,697 INFO Added job "simulate_fetch_and_insert" to job store "default"
2025-09-10 00:42:03,697 INFO Added job "daily_report" to job store "default"
2025-09-10 00:42:03,697 INFO Scheduler started
2025-09-10 00:42:03,697 INFO Scheduler started. Ctrl+C to exit.
2025-09-10 00:42:33,707 INFO Running job "simulate_fetch_and_insert (trigger: interval[0:00:30], next run at: 2025-09-10 00:42:33 +03)" (scheduled at 2025-09-10 00:42:33.693316+03:00)
2025-09-10 00:42:33,720 INFO Run finished. Read=9 valid=0 invalid=9
2025-09-10 00:42:33,725 INFO Job "simulate_fetch_and_insert (trigger: interval[0:00:30], next run at: 2025-09-10 00:43:03 +03)" executed successfully
2025-09-10 00:43:00,220 INFO Scheduler has been shut down
2025-09-10 00:43:00,221 INFO Scheduler stopped.
2025-09-10 00:43:34,074 INFO Adding job tentatively -- it will be properly scheduled when the scheduler starts
2025-09-10 00:43:34,077 INFO Adding job tentatively -- it will be properly scheduled when the scheduler starts
2025-09-10 00:43:34,078 INFO Added job "simulate_fetch_and_insert" to job store "default"
2025-09-10 00:43:34,078 INFO Added job "daily_report" to job store "default"
2025-09-10 00:43:34,078 INFO Scheduler started
2025-09-10 00:43:34,078 INFO Scheduler started. Ctrl+C to exit.
2025-09-10 00:44:04,083 INFO Running job "simulate_fetch_and_insert (trigger: interval[0:00:30], next run at: 2025-09-10 00:44:04 +03)" (scheduled at 2025-09-10 00:44:04.074816+03:00)
2025-09-10 00:44:04,098 INFO Run finished. Read=8 valid=0 invalid=8
2025-09-10 00:44:04,105 INFO Job "simulate_fetch_and_insert (trigger: interval[0:00:30], next run at: 2025-09-10 00:44:34 +03)" executed successfully
2025-09-10 00:44:23,004 INFO Scheduler has been shut down
2025-09-10 00:44:23,006 INFO Scheduler stopped.
2025-09-10 00:48:40,234 INFO Adding job tentatively -- it will be properly scheduled when the scheduler starts
2025-09-10 00:48:40,238 INFO Adding job tentatively -- it will be properly scheduled when the scheduler starts
2025-09-10 00:48:40,238 INFO Added job "simulate_fetch_and_insert" to job store "default"
2025-09-10 00:48:40,239 INFO Added job "daily_report" to job store "default"
2025-09-10 00:48:40,239 INFO Scheduler started
2025-09-10 00:48:40,240 INFO Scheduler started. Ctrl+C to exit.
2025-09-10 00:49:10,241 INFO Running job "simulate_fetch_and_insert (trigger: interval[0:00:30], next run at: 2025-09-10 00:49:10 +03)" (scheduled at 2025-09-10 00:49:10.234839+03:00)
2025-09-10 00:49:10,254 INFO Run finished. Read=9 valid=0 invalid=9
2025-09-10 00:49:10,259 INFO Job "simulate_fetch_and_insert (trigger: interval[0:00:30], next run at: 2025-09-10 00:49:40 +03)" executed successfully
2025-09-10 00:49:20,601 INFO Scheduler has been shut down
2025-09-10 00:49:20,602 INFO Scheduler stopped.
2025-09-10 00:55:03,942 INFO Adding job tentatively -- it will be properly scheduled when the scheduler starts
2025-09-10 00:55:03,946 INFO Adding job tentatively -- it will be properly scheduled when the scheduler starts
2025-09-10 00:55:03,947 INFO Added job "simulate_fetch_and_insert" to job store "default"
2025-09-10 00:55:03,948 INFO Added job "daily_report" to job store "default"
2025-09-10 00:55:03,948 INFO Scheduler started
2025-09-10 00:55:03,948 INFO Scheduler started. Ctrl+C to exit.
2025-09-10 00:55:33,954 INFO Running job "simulate_fetch_and_insert (trigger: interval[0:00:30], next run at: 2025-09-10 00:55:33 +03)" (scheduled at 2025-09-10 00:55:33.942708+03:00)
2025-09-10 00:55:33,972 INFO Run finished. Read=9 valid=7 invalid=2
2025-09-10 00:55:33,991 INFO Job "simulate_fetch_and_insert (trigger: interval[0:00:30], next run at: 2025-09-10 00:56:03 +03)" executed successfully
2025-09-10 00:55:55,834 INFO Scheduler has been shut down
2025-09-10 00:55:55,836 INFO Scheduler stopped.
2025-09-11 09:57:48,591 INFO Adding job tentatively -- it will be properly scheduled when the scheduler starts
2025-09-11 09:57:48,606 INFO Adding job tentatively -- it will be properly scheduled when the scheduler starts
2025-09-11 09:57:48,610 INFO Added job "simulate_fetch_and_insert" to job store "default"
2025-09-11 09:57:48,610 INFO Added job "daily_report" to job store "default"
2025-09-11 09:57:48,610 INFO Scheduler started
2025-09-11 09:57:48,611 INFO Scheduler started. Ctrl+C to exit.
2025-09-11 09:58:18,593 INFO Running job "simulate_fetch_and_insert (trigger: interval[0:00:30], next run at: 2025-09-11 09:58:18 +03)" (scheduled at 2025-09-11 09:58:18.591052+03:00)
2025-09-11 09:58:18,602 INFO File reading time: 0.00 sn
2025-09-11 09:58:18,606 INFO db insert time: 0.00 sn
2025-09-11 09:58:18,607 INFO Run finished. Read=9 valid=7 invalid=2
2025-09-11 09:58:18,616 INFO total job time: 0.02 sn
2025-09-11 09:58:18,616 INFO Job "simulate_fetch_and_insert (trigger: interval[0:00:30], next run at: 2025-09-11 09:58:48 +03)" executed successfully
2025-09-11 09:58:41,683 INFO Scheduler has been shut down
2025-09-11 09:58:41,683 INFO Scheduler stopped.
2025-09-11 10:01:02,808 INFO Adding job tentatively -- it will be properly scheduled when the scheduler starts
2025-09-11 10:01:02,810 INFO Adding job tentatively -- it will be properly scheduled when the scheduler starts
2025-09-11 10:01:02,810 INFO Added job "simulate_fetch_and_insert" to job store "default"
2025-09-11 10:01:02,811 INFO Added job "daily_report" to job store "default"
2025-09-11 10:01:02,811 INFO Scheduler started
2025-09-11 10:01:02,811 INFO Scheduler started. Ctrl+C to exit.
2025-09-11 10:01:32,816 INFO Running job "simulate_fetch_and_insert (trigger: interval[0:00:30], next run at: 2025-09-11 10:01:32 +03)" (scheduled at 2025-09-11 10:01:32.808214+03:00)
2025-09-11 10:01:32,821 INFO File reading time: 0.00 sn
2025-09-11 10:01:32,824 INFO db insert time: 0.00 sn
2025-09-11 10:01:32,824 INFO Run finished. Read=9 valid=7 invalid=2
2025-09-11 10:01:32,827 INFO total job time: 0.01 sn
2025-09-11 10:01:32,827 INFO Job "simulate_fetch_and_insert (trigger: interval[0:00:30], next run at: 2025-09-11 10:02:02 +03)" executed successfully
2025-09-11 10:01:45,270 INFO Scheduler has been shut down
2025-09-11 10:01:45,271 INFO Scheduler stopped.
2025-09-13 16:48:26,474 INFO Adding job tentatively -- it will be properly scheduled when the scheduler starts
2025-09-13 16:48:26,501 INFO Adding job tentatively -- it will be properly scheduled when the scheduler starts
2025-09-13 16:48:26,509 INFO Added job "simulate_fetch_and_insert" to job store "default"
2025-09-13 16:48:26,509 INFO Added job "daily_report" to job store "default"
2025-09-13 16:48:26,510 INFO Scheduler started
2025-09-13 16:48:26,511 INFO Scheduler started. Ctrl+C to exit.
2025-09-13 16:48:56,481 INFO Running job "simulate_fetch_and_insert (trigger: interval[0:00:30], next run at: 2025-09-13 16:48:56 +03)" (scheduled at 2025-09-13 16:48:56.473818+03:00)
2025-09-13 16:48:56,494 INFO File reading time: 0.00 sn
2025-09-13 16:48:56,510 INFO db insert time: 0.02 sn
2025-09-13 16:48:56,510 INFO Run finished. Read=9 valid=7 invalid=2
2025-09-13 16:48:56,515 INFO total job time: 0.03 sn
2025-09-13 16:48:56,516 INFO Job "simulate_fetch_and_insert (trigger: interval[0:00:30], next run at: 2025-09-13 16:49:26 +03)" executed successfully
2025-09-13 16:49:07,560 INFO Scheduler has been shut down
2025-09-13 16:49:07,561 INFO Scheduler stopped.
